[0.147s] DEBUG:colcon:Command line arguments: ['/usr/bin/colcon', 'build', '--symlink-install', '--cmake-args', '-DCMAKE_BUILD_TYPE=Release', '--cmake-clean-cache', '--packages-select', 'fr3_generic_drawing']
[0.147s] DEBUG:colcon:Parsed command line arguments: Namespace(log_base=None, log_level=None, verb_name='build', build_base='build', install_base='install', merge_install=False, symlink_install=True, test_result_base=None, continue_on_error=False, executor='parallel', parallel_workers=88, event_handlers=None, ignore_user_meta=False, metas=['./colcon.meta'], base_paths=['.'], packages_ignore=None, packages_ignore_regex=None, paths=None, packages_up_to=None, packages_up_to_regex=None, packages_above=None, packages_above_and_dependencies=None, packages_above_depth=None, packages_select_by_dep=None, packages_skip_by_dep=None, packages_skip_up_to=None, packages_select_build_failed=False, packages_skip_build_finished=False, packages_select_test_failures=False, packages_skip_test_passed=False, packages_select=['fr3_generic_drawing'], packages_skip=None, packages_select_regex=None, packages_skip_regex=None, packages_start=None, packages_end=None, allow_overriding=[], cmake_args=['-DCMAKE_BUILD_TYPE=Release'], cmake_target=None, cmake_target_skip_unavailable=False, cmake_clean_cache=True, cmake_clean_first=False, cmake_force_configure=False, ament_cmake_args=None, catkin_cmake_args=None, catkin_skip_building_tests=False, mixin_files=None, mixin=None, verb_parser=<colcon_mixin.mixin.mixin_argument.MixinArgumentDecorator object at 0x7f6bbed4f460>, verb_extension=<colcon_core.verb.build.BuildVerb object at 0x7f6bbed00d00>, main=<bound method BuildVerb.main of <colcon_core.verb.build.BuildVerb object at 0x7f6bbed00d00>>, mixin_verb=('build',))
[0.358s] Level 1:colcon.colcon_core.package_discovery:discover_packages(colcon_meta) check parameters
[0.358s] Level 1:colcon.colcon_core.package_discovery:discover_packages(recursive) check parameters
[0.358s] Level 1:colcon.colcon_core.package_discovery:discover_packages(ignore) check parameters
[0.358s] Level 1:colcon.colcon_core.package_discovery:discover_packages(path) check parameters
[0.358s] Level 1:colcon.colcon_core.package_discovery:discover_packages(colcon_meta) discover
[0.358s] Level 1:colcon.colcon_core.package_discovery:discover_packages(recursive) discover
[0.358s] INFO:colcon.colcon_core.package_discovery:Crawling recursively for packages in '/home/qpaig/my_ros2_ws/src'
[0.358s] Level 1:colcon.colcon_core.package_identification:_identify(.) by extensions ['ignore', 'ignore_ament_install']
[0.358s] Level 1:colcon.colcon_core.package_identification:_identify(.) by extension 'ignore'
[0.359s] Level 1:colcon.colcon_core.package_identification:_identify(.) by extension 'ignore_ament_install'
[0.359s] Level 1:colcon.colcon_core.package_identification:_identify(.) by extensions ['colcon_pkg']
[0.359s] Level 1:colcon.colcon_core.package_identification:_identify(.) by extension 'colcon_pkg'
[0.359s] Level 1:colcon.colcon_core.package_identification:_identify(.) by extensions ['colcon_meta']
[0.359s] Level 1:colcon.colcon_core.package_identification:_identify(.) by extension 'colcon_meta'
[0.359s] Level 1:colcon.colcon_core.package_identification:_identify(.) by extensions ['ros']
[0.359s] Level 1:colcon.colcon_core.package_identification:_identify(.) by extension 'ros'
[0.381s] Level 1:colcon.colcon_core.package_identification:_identify(.) by extensions ['cmake', 'python']
[0.381s] Level 1:colcon.colcon_core.package_identification:_identify(.) by extension 'cmake'
[0.381s] Level 1:colcon.colcon_core.package_identification:_identify(.) by extension 'python'
[0.381s] Level 1:colcon.colcon_core.package_identification:_identify(.) by extensions ['python_setup_py']
[0.381s] Level 1:colcon.colcon_core.package_identification:_identify(.) by extension 'python_setup_py'
[0.382s] Level 1:colcon.colcon_core.package_identification:_identify(build) by extensions ['ignore', 'ignore_ament_install']
[0.382s] Level 1:colcon.colcon_core.package_identification:_identify(build) by extension 'ignore'
[0.382s] Level 1:colcon.colcon_core.package_identification:_identify(build) ignored
[0.382s] Level 1:colcon.colcon_core.package_identification:_identify(fr3) by extensions ['ignore', 'ignore_ament_install']
[0.382s] Level 1:colcon.colcon_core.package_identification:_identify(fr3) by extension 'ignore'
[0.382s] Level 1:colcon.colcon_core.package_identification:_identify(fr3) by extension 'ignore_ament_install'
[0.382s] Level 1:colcon.colcon_core.package_identification:_identify(fr3) by extensions ['colcon_pkg']
[0.382s] Level 1:colcon.colcon_core.package_identification:_identify(fr3) by extension 'colcon_pkg'
[0.382s] Level 1:colcon.colcon_core.package_identification:_identify(fr3) by extensions ['colcon_meta']
[0.382s] Level 1:colcon.colcon_core.package_identification:_identify(fr3) by extension 'colcon_meta'
[0.382s] Level 1:colcon.colcon_core.package_identification:_identify(fr3) by extensions ['ros']
[0.382s] Level 1:colcon.colcon_core.package_identification:_identify(fr3) by extension 'ros'
[0.382s] Level 1:colcon.colcon_core.package_identification:_identify(fr3) by extensions ['cmake', 'python']
[0.382s] Level 1:colcon.colcon_core.package_identification:_identify(fr3) by extension 'cmake'
[0.382s] Level 1:colcon.colcon_core.package_identification:_identify(fr3) by extension 'python'
[0.382s] Level 1:colcon.colcon_core.package_identification:_identify(fr3) by extensions ['python_setup_py']
[0.382s] Level 1:colcon.colcon_core.package_identification:_identify(fr3) by extension 'python_setup_py'
[0.382s] Level 1:colcon.colcon_core.package_identification:_identify(fr3/configuration) by extensions ['ignore', 'ignore_ament_install']
[0.382s] Level 1:colcon.colcon_core.package_identification:_identify(fr3/configuration) by extension 'ignore'
[0.383s] Level 1:colcon.colcon_core.package_identification:_identify(fr3/configuration) by extension 'ignore_ament_install'
[0.383s] Level 1:colcon.colcon_core.package_identification:_identify(fr3/configuration) by extensions ['colcon_pkg']
[0.383s] Level 1:colcon.colcon_core.package_identification:_identify(fr3/configuration) by extension 'colcon_pkg'
[0.383s] Level 1:colcon.colcon_core.package_identification:_identify(fr3/configuration) by extensions ['colcon_meta']
[0.383s] Level 1:colcon.colcon_core.package_identification:_identify(fr3/configuration) by extension 'colcon_meta'
[0.383s] Level 1:colcon.colcon_core.package_identification:_identify(fr3/configuration) by extensions ['ros']
[0.383s] Level 1:colcon.colcon_core.package_identification:_identify(fr3/configuration) by extension 'ros'
[0.383s] Level 1:colcon.colcon_core.package_identification:_identify(fr3/configuration) by extensions ['cmake', 'python']
[0.383s] Level 1:colcon.colcon_core.package_identification:_identify(fr3/configuration) by extension 'cmake'
[0.383s] Level 1:colcon.colcon_core.package_identification:_identify(fr3/configuration) by extension 'python'
[0.383s] Level 1:colcon.colcon_core.package_identification:_identify(fr3/configuration) by extensions ['python_setup_py']
[0.383s] Level 1:colcon.colcon_core.package_identification:_identify(fr3/configuration) by extension 'python_setup_py'
[0.383s] Level 1:colcon.colcon_core.package_identification:_identify(fr3/fr3_test) by extensions ['ignore', 'ignore_ament_install']
[0.383s] Level 1:colcon.colcon_core.package_identification:_identify(fr3/fr3_test) by extension 'ignore'
[0.383s] Level 1:colcon.colcon_core.package_identification:_identify(fr3/fr3_test) by extension 'ignore_ament_install'
[0.383s] Level 1:colcon.colcon_core.package_identification:_identify(fr3/fr3_test) by extensions ['colcon_pkg']
[0.383s] Level 1:colcon.colcon_core.package_identification:_identify(fr3/fr3_test) by extension 'colcon_pkg'
[0.383s] Level 1:colcon.colcon_core.package_identification:_identify(fr3/fr3_test) by extensions ['colcon_meta']
[0.383s] Level 1:colcon.colcon_core.package_identification:_identify(fr3/fr3_test) by extension 'colcon_meta'
[0.383s] Level 1:colcon.colcon_core.package_identification:_identify(fr3/fr3_test) by extensions ['ros']
[0.383s] Level 1:colcon.colcon_core.package_identification:_identify(fr3/fr3_test) by extension 'ros'
[0.383s] Level 1:colcon.colcon_core.package_identification:_identify(fr3/fr3_test) by extensions ['cmake', 'python']
[0.383s] Level 1:colcon.colcon_core.package_identification:_identify(fr3/fr3_test) by extension 'cmake'
[0.383s] Level 1:colcon.colcon_core.package_identification:_identify(fr3/fr3_test) by extension 'python'
[0.384s] Level 1:colcon.colcon_core.package_identification:_identify(fr3/fr3_test) by extensions ['python_setup_py']
[0.384s] Level 1:colcon.colcon_core.package_identification:_identify(fr3/fr3_test) by extension 'python_setup_py'
[0.384s] Level 1:colcon.colcon_core.package_identification:_identify(fr3_generic_drawing) by extensions ['ignore', 'ignore_ament_install']
[0.384s] Level 1:colcon.colcon_core.package_identification:_identify(fr3_generic_drawing) by extension 'ignore'
[0.384s] Level 1:colcon.colcon_core.package_identification:_identify(fr3_generic_drawing) by extension 'ignore_ament_install'
[0.384s] Level 1:colcon.colcon_core.package_identification:_identify(fr3_generic_drawing) by extensions ['colcon_pkg']
[0.384s] Level 1:colcon.colcon_core.package_identification:_identify(fr3_generic_drawing) by extension 'colcon_pkg'
[0.384s] Level 1:colcon.colcon_core.package_identification:_identify(fr3_generic_drawing) by extensions ['colcon_meta']
[0.384s] Level 1:colcon.colcon_core.package_identification:_identify(fr3_generic_drawing) by extension 'colcon_meta'
[0.384s] Level 1:colcon.colcon_core.package_identification:_identify(fr3_generic_drawing) by extensions ['ros']
[0.384s] Level 1:colcon.colcon_core.package_identification:_identify(fr3_generic_drawing) by extension 'ros'
[0.387s] DEBUG:colcon.colcon_core.package_identification:Package 'fr3_generic_drawing' with type 'ros.ament_cmake' and name 'fr3_generic_drawing'
[0.387s] Level 1:colcon.colcon_core.package_identification:_identify(fr3_mathematical_drawing) by extensions ['ignore', 'ignore_ament_install']
[0.387s] Level 1:colcon.colcon_core.package_identification:_identify(fr3_mathematical_drawing) by extension 'ignore'
[0.387s] Level 1:colcon.colcon_core.package_identification:_identify(fr3_mathematical_drawing) by extension 'ignore_ament_install'
[0.387s] Level 1:colcon.colcon_core.package_identification:_identify(fr3_mathematical_drawing) by extensions ['colcon_pkg']
[0.387s] Level 1:colcon.colcon_core.package_identification:_identify(fr3_mathematical_drawing) by extension 'colcon_pkg'
[0.387s] Level 1:colcon.colcon_core.package_identification:_identify(fr3_mathematical_drawing) by extensions ['colcon_meta']
[0.387s] Level 1:colcon.colcon_core.package_identification:_identify(fr3_mathematical_drawing) by extension 'colcon_meta'
[0.387s] Level 1:colcon.colcon_core.package_identification:_identify(fr3_mathematical_drawing) by extensions ['ros']
[0.387s] Level 1:colcon.colcon_core.package_identification:_identify(fr3_mathematical_drawing) by extension 'ros'
[0.388s] DEBUG:colcon.colcon_core.package_identification:Package 'fr3_mathematical_drawing' with type 'ros.ament_cmake' and name 'fr3_mathematical_drawing'
[0.388s] Level 1:colcon.colcon_core.package_identification:_identify(fr3_moveit_config) by extensions ['ignore', 'ignore_ament_install']
[0.388s] Level 1:colcon.colcon_core.package_identification:_identify(fr3_moveit_config) by extension 'ignore'
[0.388s] Level 1:colcon.colcon_core.package_identification:_identify(fr3_moveit_config) by extension 'ignore_ament_install'
[0.388s] Level 1:colcon.colcon_core.package_identification:_identify(fr3_moveit_config) by extensions ['colcon_pkg']
[0.388s] Level 1:colcon.colcon_core.package_identification:_identify(fr3_moveit_config) by extension 'colcon_pkg'
[0.388s] Level 1:colcon.colcon_core.package_identification:_identify(fr3_moveit_config) by extensions ['colcon_meta']
[0.388s] Level 1:colcon.colcon_core.package_identification:_identify(fr3_moveit_config) by extension 'colcon_meta'
[0.389s] Level 1:colcon.colcon_core.package_identification:_identify(fr3_moveit_config) by extensions ['ros']
[0.389s] Level 1:colcon.colcon_core.package_identification:_identify(fr3_moveit_config) by extension 'ros'
[0.389s] DEBUG:colcon.colcon_core.package_identification:Package 'fr3_moveit_config' with type 'ros.ament_cmake' and name 'fr3_moveit_config'
[0.389s] Level 1:colcon.colcon_core.package_identification:_identify(fr3_pencil_logger) by extensions ['ignore', 'ignore_ament_install']
[0.390s] Level 1:colcon.colcon_core.package_identification:_identify(fr3_pencil_logger) by extension 'ignore'
[0.390s] Level 1:colcon.colcon_core.package_identification:_identify(fr3_pencil_logger) by extension 'ignore_ament_install'
[0.390s] Level 1:colcon.colcon_core.package_identification:_identify(fr3_pencil_logger) by extensions ['colcon_pkg']
[0.390s] Level 1:colcon.colcon_core.package_identification:_identify(fr3_pencil_logger) by extension 'colcon_pkg'
[0.390s] Level 1:colcon.colcon_core.package_identification:_identify(fr3_pencil_logger) by extensions ['colcon_meta']
[0.390s] Level 1:colcon.colcon_core.package_identification:_identify(fr3_pencil_logger) by extension 'colcon_meta'
[0.390s] Level 1:colcon.colcon_core.package_identification:_identify(fr3_pencil_logger) by extensions ['ros']
[0.390s] Level 1:colcon.colcon_core.package_identification:_identify(fr3_pencil_logger) by extension 'ros'
[0.391s] DEBUG:colcon.colcon_core.package_identification:Package 'fr3_pencil_logger' with type 'ros.ament_python' and name 'fr3_pencil_logger'
[0.391s] Level 1:colcon.colcon_core.package_identification:_identify(fr3_pick_and_place) by extensions ['ignore', 'ignore_ament_install']
[0.391s] Level 1:colcon.colcon_core.package_identification:_identify(fr3_pick_and_place) by extension 'ignore'
[0.391s] Level 1:colcon.colcon_core.package_identification:_identify(fr3_pick_and_place) by extension 'ignore_ament_install'
[0.391s] Level 1:colcon.colcon_core.package_identification:_identify(fr3_pick_and_place) by extensions ['colcon_pkg']
[0.391s] Level 1:colcon.colcon_core.package_identification:_identify(fr3_pick_and_place) by extension 'colcon_pkg'
[0.391s] Level 1:colcon.colcon_core.package_identification:_identify(fr3_pick_and_place) by extensions ['colcon_meta']
[0.391s] Level 1:colcon.colcon_core.package_identification:_identify(fr3_pick_and_place) by extension 'colcon_meta'
[0.391s] Level 1:colcon.colcon_core.package_identification:_identify(fr3_pick_and_place) by extensions ['ros']
[0.391s] Level 1:colcon.colcon_core.package_identification:_identify(fr3_pick_and_place) by extension 'ros'
[0.393s] DEBUG:colcon.colcon_core.package_identification:Package 'fr3_pick_and_place' with type 'ros.ament_cmake' and name 'fr3_pick_and_place'
[0.393s] Level 1:colcon.colcon_core.package_identification:_identify(fr3_test) by extensions ['ignore', 'ignore_ament_install']
[0.393s] Level 1:colcon.colcon_core.package_identification:_identify(fr3_test) by extension 'ignore'
[0.393s] Level 1:colcon.colcon_core.package_identification:_identify(fr3_test) by extension 'ignore_ament_install'
[0.393s] Level 1:colcon.colcon_core.package_identification:_identify(fr3_test) by extensions ['colcon_pkg']
[0.393s] Level 1:colcon.colcon_core.package_identification:_identify(fr3_test) by extension 'colcon_pkg'
[0.393s] Level 1:colcon.colcon_core.package_identification:_identify(fr3_test) by extensions ['colcon_meta']
[0.393s] Level 1:colcon.colcon_core.package_identification:_identify(fr3_test) by extension 'colcon_meta'
[0.393s] Level 1:colcon.colcon_core.package_identification:_identify(fr3_test) by extensions ['ros']
[0.393s] Level 1:colcon.colcon_core.package_identification:_identify(fr3_test) by extension 'ros'
[0.394s] DEBUG:colcon.colcon_core.package_identification:Package 'fr3_test' with type 'ros.ament_python' and name 'fr3_test'
[0.394s] Level 1:colcon.colcon_core.package_identification:_identify(franka_gripper_proxy) by extensions ['ignore', 'ignore_ament_install']
[0.394s] Level 1:colcon.colcon_core.package_identification:_identify(franka_gripper_proxy) by extension 'ignore'
[0.394s] Level 1:colcon.colcon_core.package_identification:_identify(franka_gripper_proxy) by extension 'ignore_ament_install'
[0.394s] Level 1:colcon.colcon_core.package_identification:_identify(franka_gripper_proxy) by extensions ['colcon_pkg']
[0.394s] Level 1:colcon.colcon_core.package_identification:_identify(franka_gripper_proxy) by extension 'colcon_pkg'
[0.394s] Level 1:colcon.colcon_core.package_identification:_identify(franka_gripper_proxy) by extensions ['colcon_meta']
[0.394s] Level 1:colcon.colcon_core.package_identification:_identify(franka_gripper_proxy) by extension 'colcon_meta'
[0.394s] Level 1:colcon.colcon_core.package_identification:_identify(franka_gripper_proxy) by extensions ['ros']
[0.394s] Level 1:colcon.colcon_core.package_identification:_identify(franka_gripper_proxy) by extension 'ros'
[0.395s] DEBUG:colcon.colcon_core.package_identification:Package 'franka_gripper_proxy' with type 'ros.ament_python' and name 'franka_gripper_proxy'
[0.395s] Level 1:colcon.colcon_core.package_identification:_identify(ground_truth_publisher) by extensions ['ignore', 'ignore_ament_install']
[0.395s] Level 1:colcon.colcon_core.package_identification:_identify(ground_truth_publisher) by extension 'ignore'
[0.395s] Level 1:colcon.colcon_core.package_identification:_identify(ground_truth_publisher) by extension 'ignore_ament_install'
[0.395s] Level 1:colcon.colcon_core.package_identification:_identify(ground_truth_publisher) by extensions ['colcon_pkg']
[0.395s] Level 1:colcon.colcon_core.package_identification:_identify(ground_truth_publisher) by extension 'colcon_pkg'
[0.395s] Level 1:colcon.colcon_core.package_identification:_identify(ground_truth_publisher) by extensions ['colcon_meta']
[0.395s] Level 1:colcon.colcon_core.package_identification:_identify(ground_truth_publisher) by extension 'colcon_meta'
[0.395s] Level 1:colcon.colcon_core.package_identification:_identify(ground_truth_publisher) by extensions ['ros']
[0.395s] Level 1:colcon.colcon_core.package_identification:_identify(ground_truth_publisher) by extension 'ros'
[0.397s] DEBUG:colcon.colcon_core.package_identification:Package 'ground_truth_publisher' with type 'ros.ament_python' and name 'ground_truth_publisher'
[0.397s] Level 1:colcon.colcon_core.package_identification:_identify(install) by extensions ['ignore', 'ignore_ament_install']
[0.397s] Level 1:colcon.colcon_core.package_identification:_identify(install) by extension 'ignore'
[0.397s] Level 1:colcon.colcon_core.package_identification:_identify(install) ignored
[0.397s] Level 1:colcon.colcon_core.package_identification:_identify(log) by extensions ['ignore', 'ignore_ament_install']
[0.398s] Level 1:colcon.colcon_core.package_identification:_identify(log) by extension 'ignore'
[0.398s] Level 1:colcon.colcon_core.package_identification:_identify(log) ignored
[0.398s] Level 1:colcon.colcon_core.package_identification:_identify(position_calibration) by extensions ['ignore', 'ignore_ament_install']
[0.398s] Level 1:colcon.colcon_core.package_identification:_identify(position_calibration) by extension 'ignore'
[0.398s] Level 1:colcon.colcon_core.package_identification:_identify(position_calibration) by extension 'ignore_ament_install'
[0.398s] Level 1:colcon.colcon_core.package_identification:_identify(position_calibration) by extensions ['colcon_pkg']
[0.398s] Level 1:colcon.colcon_core.package_identification:_identify(position_calibration) by extension 'colcon_pkg'
[0.398s] Level 1:colcon.colcon_core.package_identification:_identify(position_calibration) by extensions ['colcon_meta']
[0.398s] Level 1:colcon.colcon_core.package_identification:_identify(position_calibration) by extension 'colcon_meta'
[0.398s] Level 1:colcon.colcon_core.package_identification:_identify(position_calibration) by extensions ['ros']
[0.398s] Level 1:colcon.colcon_core.package_identification:_identify(position_calibration) by extension 'ros'
[0.399s] DEBUG:colcon.colcon_core.package_identification:Package 'position_calibration' with type 'ros.ament_cmake' and name 'position_calibration'
[0.399s] Level 1:colcon.colcon_core.package_discovery:discover_packages(recursive) using defaults
[0.399s] Level 1:colcon.colcon_core.package_discovery:discover_packages(ignore) discover
[0.399s] Level 1:colcon.colcon_core.package_discovery:discover_packages(ignore) using defaults
[0.399s] Level 1:colcon.colcon_core.package_discovery:discover_packages(path) discover
[0.399s] Level 1:colcon.colcon_core.package_discovery:discover_packages(path) using defaults
[0.425s] INFO:colcon.colcon_core.package_selection:Skipping not selected package 'fr3_mathematical_drawing' in 'fr3_mathematical_drawing'
[0.425s] INFO:colcon.colcon_core.package_selection:Skipping not selected package 'fr3_moveit_config' in 'fr3_moveit_config'
[0.425s] INFO:colcon.colcon_core.package_selection:Skipping not selected package 'fr3_pencil_logger' in 'fr3_pencil_logger'
[0.425s] INFO:colcon.colcon_core.package_selection:Skipping not selected package 'fr3_pick_and_place' in 'fr3_pick_and_place'
[0.425s] INFO:colcon.colcon_core.package_selection:Skipping not selected package 'fr3_test' in 'fr3_test'
[0.425s] INFO:colcon.colcon_core.package_selection:Skipping not selected package 'franka_gripper_proxy' in 'franka_gripper_proxy'
[0.425s] INFO:colcon.colcon_core.package_selection:Skipping not selected package 'ground_truth_publisher' in 'ground_truth_publisher'
[0.425s] INFO:colcon.colcon_core.package_selection:Skipping not selected package 'position_calibration' in 'position_calibration'
[0.426s] Level 1:colcon.colcon_core.package_discovery:discover_packages(prefix_path) check parameters
[0.426s] Level 1:colcon.colcon_core.package_discovery:discover_packages(prefix_path) discover
[0.431s] DEBUG:colcon.colcon_installed_package_information.package_discovery:Found 9 installed packages in /home/qpaig/my_ros2_ws/install
[0.431s] DEBUG:colcon.colcon_installed_package_information.package_discovery:Found 9 installed packages in /home/qpaig/isaac_ros-dev/install
[0.432s] DEBUG:colcon.colcon_installed_package_information.package_discovery:Found 3 installed packages in /home/qpaig/ws_realsense/install
[0.432s] DEBUG:colcon.colcon_installed_package_information.package_discovery:Found 13 installed packages in /home/qpaig/franka_ros2_ws/install
[0.433s] DEBUG:colcon.colcon_installed_package_information.package_discovery:Found 10 installed packages in /home/qpaig/IsaacSim-ros_workspaces/humble_ws/install
[0.435s] DEBUG:colcon.colcon_installed_package_information.package_discovery:Found 55 installed packages in /home/qpaig/ws_moveit2/install
[0.437s] DEBUG:colcon.colcon_installed_package_information.package_discovery:Found 433 installed packages in /opt/ros/humble
[0.440s] Level 1:colcon.colcon_core.package_discovery:discover_packages(prefix_path) using defaults
[0.499s] Level 5:colcon.colcon_core.verb:set package 'fr3_generic_drawing' build argument 'cmake_args' from command line to '['-DCMAKE_BUILD_TYPE=Release']'
[0.499s] Level 5:colcon.colcon_core.verb:set package 'fr3_generic_drawing' build argument 'cmake_target' from command line to 'None'
[0.499s] Level 5:colcon.colcon_core.verb:set package 'fr3_generic_drawing' build argument 'cmake_target_skip_unavailable' from command line to 'False'
[0.499s] Level 5:colcon.colcon_core.verb:set package 'fr3_generic_drawing' build argument 'cmake_clean_cache' from command line to 'True'
[0.499s] Level 5:colcon.colcon_core.verb:set package 'fr3_generic_drawing' build argument 'cmake_clean_first' from command line to 'False'
[0.499s] Level 5:colcon.colcon_core.verb:set package 'fr3_generic_drawing' build argument 'cmake_force_configure' from command line to 'False'
[0.499s] Level 5:colcon.colcon_core.verb:set package 'fr3_generic_drawing' build argument 'ament_cmake_args' from command line to 'None'
[0.499s] Level 5:colcon.colcon_core.verb:set package 'fr3_generic_drawing' build argument 'catkin_cmake_args' from command line to 'None'
[0.499s] Level 5:colcon.colcon_core.verb:set package 'fr3_generic_drawing' build argument 'catkin_skip_building_tests' from command line to 'False'
[0.499s] DEBUG:colcon.colcon_core.verb:Building package 'fr3_generic_drawing' with the following arguments: {'ament_cmake_args': None, 'build_base': '/home/qpaig/my_ros2_ws/src/build/fr3_generic_drawing', 'catkin_cmake_args': None, 'catkin_skip_building_tests': False, 'cmake_args': ['-DCMAKE_BUILD_TYPE=Release'], 'cmake_clean_cache': True, 'cmake_clean_first': False, 'cmake_force_configure': False, 'cmake_target': None, 'cmake_target_skip_unavailable': False, 'install_base': '/home/qpaig/my_ros2_ws/src/install/fr3_generic_drawing', 'merge_install': False, 'path': '/home/qpaig/my_ros2_ws/src/fr3_generic_drawing', 'symlink_install': True, 'test_result_base': None}
[0.499s] INFO:colcon.colcon_core.executor:Executing jobs using 'parallel' executor
[0.500s] DEBUG:colcon.colcon_parallel_executor.executor.parallel:run_until_complete
[0.501s] INFO:colcon.colcon_ros.task.ament_cmake.build:Building ROS package in '/home/qpaig/my_ros2_ws/src/fr3_generic_drawing' with build type 'ament_cmake'
[0.501s] INFO:colcon.colcon_cmake.task.cmake.build:Building CMake package in '/home/qpaig/my_ros2_ws/src/fr3_generic_drawing'
[0.504s] INFO:colcon.colcon_core.plugin_system:Skipping extension 'colcon_core.shell.bat': Not used on non-Windows systems
[0.504s] INFO:colcon.colcon_core.shell:Skip shell extension 'powershell' for command environment: Not usable outside of PowerShell
[0.504s] DEBUG:colcon.colcon_core.shell:Skip shell extension 'dsv' for command environment
[0.529s] DEBUG:colcon.colcon_core.event_handler.log_command:Invoking command in '/home/qpaig/my_ros2_ws/src/build/fr3_generic_drawing': CMAKE_PREFIX_PATH=${CMAKE_PREFIX_PATH}:/home/qpaig/my_ros2_ws/install/ground_truth_publisher:/home/qpaig/my_ros2_ws/install/franka_gripper_proxy:/home/qpaig/my_ros2_ws/install/fr3_test:/home/qpaig/my_ros2_ws/install/fr3_pencil_logger:/home/qpaig/isaac_ros-dev/install/isaac_ros_cumotion_examples:/home/qpaig/isaac_ros-dev/install/isaac_ros_cumotion:/home/qpaig/isaac_ros-dev/install/isaac_ros_cumotion_robot_description:/home/qpaig/isaac_ros-dev/install/isaac_ros_cumotion_python_utils:/home/qpaig/isaac_ros-dev/install/curobo_core:/home/qpaig/IsaacSim-ros_workspaces/humble_ws/install/isaac_ros_navigation_goal:/home/qpaig/ws_moveit2/install/moveit_configs_utils:/home/qpaig/ws_moveit2/install/launch_param_builder:/opt/ros/humble /usr/bin/cmake /home/qpaig/my_ros2_ws/src/fr3_generic_drawing -DCMAKE_BUILD_TYPE=Release -DAMENT_CMAKE_SYMLINK_INSTALL=1 -DCMAKE_INSTALL_PREFIX=/home/qpaig/my_ros2_ws/src/install/fr3_generic_drawing
[5.376s] DEBUG:colcon.colcon_core.event_handler.log_command:Invoked command in '/home/qpaig/my_ros2_ws/src/build/fr3_generic_drawing' returned '0': CMAKE_PREFIX_PATH=${CMAKE_PREFIX_PATH}:/home/qpaig/my_ros2_ws/install/ground_truth_publisher:/home/qpaig/my_ros2_ws/install/franka_gripper_proxy:/home/qpaig/my_ros2_ws/install/fr3_test:/home/qpaig/my_ros2_ws/install/fr3_pencil_logger:/home/qpaig/isaac_ros-dev/install/isaac_ros_cumotion_examples:/home/qpaig/isaac_ros-dev/install/isaac_ros_cumotion:/home/qpaig/isaac_ros-dev/install/isaac_ros_cumotion_robot_description:/home/qpaig/isaac_ros-dev/install/isaac_ros_cumotion_python_utils:/home/qpaig/isaac_ros-dev/install/curobo_core:/home/qpaig/IsaacSim-ros_workspaces/humble_ws/install/isaac_ros_navigation_goal:/home/qpaig/ws_moveit2/install/moveit_configs_utils:/home/qpaig/ws_moveit2/install/launch_param_builder:/opt/ros/humble /usr/bin/cmake /home/qpaig/my_ros2_ws/src/fr3_generic_drawing -DCMAKE_BUILD_TYPE=Release -DAMENT_CMAKE_SYMLINK_INSTALL=1 -DCMAKE_INSTALL_PREFIX=/home/qpaig/my_ros2_ws/src/install/fr3_generic_drawing
[5.378s] DEBUG:colcon.colcon_core.event_handler.log_command:Invoking command in '/home/qpaig/my_ros2_ws/src/build/fr3_generic_drawing': CMAKE_PREFIX_PATH=${CMAKE_PREFIX_PATH}:/home/qpaig/my_ros2_ws/install/ground_truth_publisher:/home/qpaig/my_ros2_ws/install/franka_gripper_proxy:/home/qpaig/my_ros2_ws/install/fr3_test:/home/qpaig/my_ros2_ws/install/fr3_pencil_logger:/home/qpaig/isaac_ros-dev/install/isaac_ros_cumotion_examples:/home/qpaig/isaac_ros-dev/install/isaac_ros_cumotion:/home/qpaig/isaac_ros-dev/install/isaac_ros_cumotion_robot_description:/home/qpaig/isaac_ros-dev/install/isaac_ros_cumotion_python_utils:/home/qpaig/isaac_ros-dev/install/curobo_core:/home/qpaig/IsaacSim-ros_workspaces/humble_ws/install/isaac_ros_navigation_goal:/home/qpaig/ws_moveit2/install/moveit_configs_utils:/home/qpaig/ws_moveit2/install/launch_param_builder:/opt/ros/humble /usr/bin/cmake --build /home/qpaig/my_ros2_ws/src/build/fr3_generic_drawing -- -j88 -l88
[14.542s] DEBUG:colcon.colcon_core.event_handler.log_command:Invoked command in '/home/qpaig/my_ros2_ws/src/build/fr3_generic_drawing' returned '0': CMAKE_PREFIX_PATH=${CMAKE_PREFIX_PATH}:/home/qpaig/my_ros2_ws/install/ground_truth_publisher:/home/qpaig/my_ros2_ws/install/franka_gripper_proxy:/home/qpaig/my_ros2_ws/install/fr3_test:/home/qpaig/my_ros2_ws/install/fr3_pencil_logger:/home/qpaig/isaac_ros-dev/install/isaac_ros_cumotion_examples:/home/qpaig/isaac_ros-dev/install/isaac_ros_cumotion:/home/qpaig/isaac_ros-dev/install/isaac_ros_cumotion_robot_description:/home/qpaig/isaac_ros-dev/install/isaac_ros_cumotion_python_utils:/home/qpaig/isaac_ros-dev/install/curobo_core:/home/qpaig/IsaacSim-ros_workspaces/humble_ws/install/isaac_ros_navigation_goal:/home/qpaig/ws_moveit2/install/moveit_configs_utils:/home/qpaig/ws_moveit2/install/launch_param_builder:/opt/ros/humble /usr/bin/cmake --build /home/qpaig/my_ros2_ws/src/build/fr3_generic_drawing -- -j88 -l88
[14.564s] DEBUG:colcon.colcon_core.event_handler.log_command:Invoking command in '/home/qpaig/my_ros2_ws/src/build/fr3_generic_drawing': CMAKE_PREFIX_PATH=${CMAKE_PREFIX_PATH}:/home/qpaig/my_ros2_ws/install/ground_truth_publisher:/home/qpaig/my_ros2_ws/install/franka_gripper_proxy:/home/qpaig/my_ros2_ws/install/fr3_test:/home/qpaig/my_ros2_ws/install/fr3_pencil_logger:/home/qpaig/isaac_ros-dev/install/isaac_ros_cumotion_examples:/home/qpaig/isaac_ros-dev/install/isaac_ros_cumotion:/home/qpaig/isaac_ros-dev/install/isaac_ros_cumotion_robot_description:/home/qpaig/isaac_ros-dev/install/isaac_ros_cumotion_python_utils:/home/qpaig/isaac_ros-dev/install/curobo_core:/home/qpaig/IsaacSim-ros_workspaces/humble_ws/install/isaac_ros_navigation_goal:/home/qpaig/ws_moveit2/install/moveit_configs_utils:/home/qpaig/ws_moveit2/install/launch_param_builder:/opt/ros/humble /usr/bin/cmake --install /home/qpaig/my_ros2_ws/src/build/fr3_generic_drawing
[14.604s] Level 1:colcon.colcon_core.environment:create_environment_scripts_only(fr3_generic_drawing)
[14.605s] DEBUG:colcon.colcon_core.event_handler.log_command:Invoked command in '/home/qpaig/my_ros2_ws/src/build/fr3_generic_drawing' returned '0': CMAKE_PREFIX_PATH=${CMAKE_PREFIX_PATH}:/home/qpaig/my_ros2_ws/install/ground_truth_publisher:/home/qpaig/my_ros2_ws/install/franka_gripper_proxy:/home/qpaig/my_ros2_ws/install/fr3_test:/home/qpaig/my_ros2_ws/install/fr3_pencil_logger:/home/qpaig/isaac_ros-dev/install/isaac_ros_cumotion_examples:/home/qpaig/isaac_ros-dev/install/isaac_ros_cumotion:/home/qpaig/isaac_ros-dev/install/isaac_ros_cumotion_robot_description:/home/qpaig/isaac_ros-dev/install/isaac_ros_cumotion_python_utils:/home/qpaig/isaac_ros-dev/install/curobo_core:/home/qpaig/IsaacSim-ros_workspaces/humble_ws/install/isaac_ros_navigation_goal:/home/qpaig/ws_moveit2/install/moveit_configs_utils:/home/qpaig/ws_moveit2/install/launch_param_builder:/opt/ros/humble /usr/bin/cmake --install /home/qpaig/my_ros2_ws/src/build/fr3_generic_drawing
[14.607s] Level 1:colcon.colcon_core.environment:checking '/home/qpaig/my_ros2_ws/src/install/fr3_generic_drawing' for CMake module files
[14.607s] Level 1:colcon.colcon_core.environment:checking '/home/qpaig/my_ros2_ws/src/install/fr3_generic_drawing' for CMake config files
[14.607s] Level 1:colcon.colcon_core.shell:create_environment_hook('fr3_generic_drawing', 'cmake_prefix_path')
[14.608s] INFO:colcon.colcon_core.shell:Creating environment hook '/home/qpaig/my_ros2_ws/src/install/fr3_generic_drawing/share/fr3_generic_drawing/hook/cmake_prefix_path.ps1'
[14.608s] INFO:colcon.colcon_core.shell:Creating environment descriptor '/home/qpaig/my_ros2_ws/src/install/fr3_generic_drawing/share/fr3_generic_drawing/hook/cmake_prefix_path.dsv'
[14.608s] INFO:colcon.colcon_core.shell:Creating environment hook '/home/qpaig/my_ros2_ws/src/install/fr3_generic_drawing/share/fr3_generic_drawing/hook/cmake_prefix_path.sh'
[14.609s] Level 1:colcon.colcon_core.environment:checking '/home/qpaig/my_ros2_ws/src/install/fr3_generic_drawing/lib'
[14.609s] Level 1:colcon.colcon_core.environment:checking '/home/qpaig/my_ros2_ws/src/install/fr3_generic_drawing/bin'
[14.609s] Level 1:colcon.colcon_core.environment:checking '/home/qpaig/my_ros2_ws/src/install/fr3_generic_drawing/lib/pkgconfig/fr3_generic_drawing.pc'
[14.609s] Level 1:colcon.colcon_core.environment:checking '/home/qpaig/my_ros2_ws/src/install/fr3_generic_drawing/lib/python3.10/site-packages'
[14.610s] Level 1:colcon.colcon_core.environment:checking '/home/qpaig/my_ros2_ws/src/install/fr3_generic_drawing/bin'
[14.610s] INFO:colcon.colcon_core.shell:Creating package script '/home/qpaig/my_ros2_ws/src/install/fr3_generic_drawing/share/fr3_generic_drawing/package.ps1'
[14.610s] INFO:colcon.colcon_core.shell:Creating package descriptor '/home/qpaig/my_ros2_ws/src/install/fr3_generic_drawing/share/fr3_generic_drawing/package.dsv'
[14.611s] INFO:colcon.colcon_core.shell:Creating package script '/home/qpaig/my_ros2_ws/src/install/fr3_generic_drawing/share/fr3_generic_drawing/package.sh'
[14.612s] INFO:colcon.colcon_core.shell:Creating package script '/home/qpaig/my_ros2_ws/src/install/fr3_generic_drawing/share/fr3_generic_drawing/package.bash'
[14.613s] INFO:colcon.colcon_core.shell:Creating package script '/home/qpaig/my_ros2_ws/src/install/fr3_generic_drawing/share/fr3_generic_drawing/package.zsh'
[14.614s] Level 1:colcon.colcon_core.environment:create_file_with_runtime_dependencies(/home/qpaig/my_ros2_ws/src/install/fr3_generic_drawing/share/colcon-core/packages/fr3_generic_drawing)
[14.615s] Level 1:colcon.colcon_core.environment:create_environment_scripts_only(fr3_generic_drawing)
[14.615s] Level 1:colcon.colcon_core.environment:checking '/home/qpaig/my_ros2_ws/src/install/fr3_generic_drawing' for CMake module files
[14.615s] Level 1:colcon.colcon_core.environment:checking '/home/qpaig/my_ros2_ws/src/install/fr3_generic_drawing' for CMake config files
[14.616s] Level 1:colcon.colcon_core.shell:create_environment_hook('fr3_generic_drawing', 'cmake_prefix_path')
[14.616s] INFO:colcon.colcon_core.shell:Creating environment hook '/home/qpaig/my_ros2_ws/src/install/fr3_generic_drawing/share/fr3_generic_drawing/hook/cmake_prefix_path.ps1'
[14.616s] INFO:colcon.colcon_core.shell:Creating environment descriptor '/home/qpaig/my_ros2_ws/src/install/fr3_generic_drawing/share/fr3_generic_drawing/hook/cmake_prefix_path.dsv'
[14.617s] INFO:colcon.colcon_core.shell:Creating environment hook '/home/qpaig/my_ros2_ws/src/install/fr3_generic_drawing/share/fr3_generic_drawing/hook/cmake_prefix_path.sh'
[14.617s] Level 1:colcon.colcon_core.environment:checking '/home/qpaig/my_ros2_ws/src/install/fr3_generic_drawing/lib'
[14.617s] Level 1:colcon.colcon_core.environment:checking '/home/qpaig/my_ros2_ws/src/install/fr3_generic_drawing/bin'
[14.617s] Level 1:colcon.colcon_core.environment:checking '/home/qpaig/my_ros2_ws/src/install/fr3_generic_drawing/lib/pkgconfig/fr3_generic_drawing.pc'
[14.618s] Level 1:colcon.colcon_core.environment:checking '/home/qpaig/my_ros2_ws/src/install/fr3_generic_drawing/lib/python3.10/site-packages'
[14.618s] Level 1:colcon.colcon_core.environment:checking '/home/qpaig/my_ros2_ws/src/install/fr3_generic_drawing/bin'
[14.618s] INFO:colcon.colcon_core.shell:Creating package script '/home/qpaig/my_ros2_ws/src/install/fr3_generic_drawing/share/fr3_generic_drawing/package.ps1'
[14.619s] INFO:colcon.colcon_core.shell:Creating package descriptor '/home/qpaig/my_ros2_ws/src/install/fr3_generic_drawing/share/fr3_generic_drawing/package.dsv'
[14.619s] INFO:colcon.colcon_core.shell:Creating package script '/home/qpaig/my_ros2_ws/src/install/fr3_generic_drawing/share/fr3_generic_drawing/package.sh'
[14.619s] INFO:colcon.colcon_core.shell:Creating package script '/home/qpaig/my_ros2_ws/src/install/fr3_generic_drawing/share/fr3_generic_drawing/package.bash'
[14.620s] INFO:colcon.colcon_core.shell:Creating package script '/home/qpaig/my_ros2_ws/src/install/fr3_generic_drawing/share/fr3_generic_drawing/package.zsh'
[14.620s] Level 1:colcon.colcon_core.environment:create_file_with_runtime_dependencies(/home/qpaig/my_ros2_ws/src/install/fr3_generic_drawing/share/colcon-core/packages/fr3_generic_drawing)
[14.621s] DEBUG:colcon.colcon_parallel_executor.executor.parallel:closing loop
[14.621s] DEBUG:colcon.colcon_parallel_executor.executor.parallel:loop closed
[14.621s] DEBUG:colcon.colcon_parallel_executor.executor.parallel:run_until_complete finished with '0'
[14.621s] DEBUG:colcon.colcon_core.event_reactor:joining thread
[14.629s] INFO:colcon.colcon_core.plugin_system:Skipping extension 'colcon_notification.desktop_notification.terminal_notifier': Not used on non-Darwin systems
[14.630s] INFO:colcon.colcon_core.plugin_system:Skipping extension 'colcon_notification.desktop_notification.win32': Not used on non-Windows systems
[14.630s] INFO:colcon.colcon_notification.desktop_notification:Sending desktop notification using 'notify2'
[14.641s] DEBUG:colcon.colcon_core.event_reactor:joined thread
[14.641s] INFO:colcon.colcon_core.shell:Creating prefix script '/home/qpaig/my_ros2_ws/src/install/local_setup.ps1'
[14.642s] INFO:colcon.colcon_core.shell:Creating prefix util module '/home/qpaig/my_ros2_ws/src/install/_local_setup_util_ps1.py'
[14.644s] INFO:colcon.colcon_core.shell:Creating prefix chain script '/home/qpaig/my_ros2_ws/src/install/setup.ps1'
[14.649s] INFO:colcon.colcon_core.shell:Creating prefix script '/home/qpaig/my_ros2_ws/src/install/local_setup.sh'
[14.649s] INFO:colcon.colcon_core.shell:Creating prefix util module '/home/qpaig/my_ros2_ws/src/install/_local_setup_util_sh.py'
[14.650s] INFO:colcon.colcon_core.shell:Creating prefix chain script '/home/qpaig/my_ros2_ws/src/install/setup.sh'
[14.654s] INFO:colcon.colcon_core.shell:Creating prefix script '/home/qpaig/my_ros2_ws/src/install/local_setup.bash'
[14.655s] INFO:colcon.colcon_core.shell:Creating prefix chain script '/home/qpaig/my_ros2_ws/src/install/setup.bash'
[14.659s] INFO:colcon.colcon_core.shell:Creating prefix script '/home/qpaig/my_ros2_ws/src/install/local_setup.zsh'
[14.660s] INFO:colcon.colcon_core.shell:Creating prefix chain script '/home/qpaig/my_ros2_ws/src/install/setup.zsh'
