[0.029s] Invoking command in '/home/qpaig/my_ros2_ws/src/build/fr3_generic_drawing': CMAKE_PREFIX_PATH=${CMAKE_PREFIX_PATH}:/home/qpaig/my_ros2_ws/install/ground_truth_publisher:/home/qpaig/my_ros2_ws/install/franka_gripper_proxy:/home/qpaig/my_ros2_ws/install/fr3_test:/home/qpaig/my_ros2_ws/install/fr3_pencil_logger:/home/qpaig/isaac_ros-dev/install/isaac_ros_cumotion_examples:/home/qpaig/isaac_ros-dev/install/isaac_ros_cumotion:/home/qpaig/isaac_ros-dev/install/isaac_ros_cumotion_robot_description:/home/qpaig/isaac_ros-dev/install/isaac_ros_cumotion_python_utils:/home/qpaig/isaac_ros-dev/install/curobo_core:/home/qpaig/IsaacSim-ros_workspaces/humble_ws/install/isaac_ros_navigation_goal:/home/qpaig/ws_moveit2/install/moveit_configs_utils:/home/qpaig/ws_moveit2/install/launch_param_builder:/opt/ros/humble /usr/bin/cmake /home/qpaig/my_ros2_ws/src/fr3_generic_drawing -DCMAKE_BUILD_TYPE=Release -DAMENT_CMAKE_SYMLINK_INSTALL=1 -DCMAKE_INSTALL_PREFIX=/home/qpaig/my_ros2_ws/src/install/fr3_generic_drawing
[0.161s] -- The C compiler identification is GNU 11.4.0
[0.242s] -- The CXX compiler identification is GNU 11.4.0
[0.256s] -- Detecting C compiler ABI info
[0.414s] -- Detecting C compiler ABI info - done
[0.422s] -- Check for working C compiler: /usr/bin/cc - skipped
[0.422s] -- Detecting C compile features
[0.422s] -- Detecting C compile features - done
[0.426s] -- Detecting CXX compiler ABI info
[0.580s] -- Detecting CXX compiler ABI info - done
[0.590s] -- Check for working CXX compiler: /usr/bin/c++ - skipped
[0.590s] -- Detecting CXX compile features
[0.591s] -- Detecting CXX compile features - done
[0.605s] -- Found ament_cmake: 1.3.11 (/opt/ros/humble/share/ament_cmake/cmake)
[0.871s] -- Found Python3: /usr/bin/python3 (found version "3.10.12") found components: Interpreter 
[0.968s] -- Override CMake install command with custom implementation using symlinks instead of copying resources
[1.150s] -- Found rclcpp: 16.0.12 (/opt/ros/humble/share/rclcpp/cmake)
[1.263s] -- Found rosidl_generator_c: 3.1.6 (/opt/ros/humble/share/rosidl_generator_c/cmake)
[1.281s] -- Found rosidl_adapter: 3.1.6 (/opt/ros/humble/share/rosidl_adapter/cmake)
[1.301s] -- Found rosidl_generator_cpp: 3.1.6 (/opt/ros/humble/share/rosidl_generator_cpp/cmake)
[1.328s] -- Using all available rosidl_typesupport_c: rosidl_typesupport_fastrtps_c;rosidl_typesupport_introspection_c
[1.362s] -- Using all available rosidl_typesupport_cpp: rosidl_typesupport_fastrtps_cpp;rosidl_typesupport_introspection_cpp
[1.467s] -- Found rmw_implementation_cmake: 6.1.2 (/opt/ros/humble/share/rmw_implementation_cmake/cmake)
[1.479s] -- Found rmw_cyclonedds_cpp: 1.3.4 (/opt/ros/humble/share/rmw_cyclonedds_cpp/cmake)
[1.539s] -- Using RMW implementation 'rmw_cyclonedds_cpp' as default
[1.567s] -- Looking for pthread.h
[1.723s] -- Looking for pthread.h - found
[1.723s] -- Performing Test CMAKE_HAVE_LIBC_PTHREAD
[1.871s] -- Performing Test CMAKE_HAVE_LIBC_PTHREAD - Success
[1.873s] -- Found Threads: TRUE  
[1.994s] -- Found OpenCV: /usr (found version "4.5.4") 
[2.006s] -- Found tf2_geometry_msgs: 0.25.13 (/opt/ros/humble/share/tf2_geometry_msgs/cmake)
[2.093s] -- Found eigen3_cmake_module: 0.1.1 (/opt/ros/humble/share/eigen3_cmake_module/cmake)
[2.095s] -- Found Eigen3: TRUE (found version "3.4.0") 
[2.095s] -- Ensuring Eigen3 include directory is part of orocos-kdl CMake target
[2.344s] -- Found moveit_ros_planning_interface: 2.5.9 (/home/qpaig/ws_moveit2/install/moveit_ros_planning_interface/share/moveit_ros_planning_interface/cmake)
[2.456s] -- Found Boost: /usr/lib/x86_64-linux-gnu/cmake/Boost-1.74.0/BoostConfig.cmake (found version "1.74.0") found components: date_time filesystem program_options system thread 
[2.725s] -- Found Boost: /usr/lib/x86_64-linux-gnu/cmake/Boost-1.74.0/BoostConfig.cmake (found version "1.74.0") found components: chrono date_time filesystem iostreams program_options regex serialization system thread 
[2.864s] -- Found parameter_traits: 0.5.0 (/opt/ros/humble/share/parameter_traits/cmake)
[2.921s] -- Found rclcpp_lifecycle: 16.0.12 (/opt/ros/humble/share/rclcpp_lifecycle/cmake)
[2.981s] -- Found Boost: /usr/lib/x86_64-linux-gnu/cmake/Boost-1.74.0/BoostConfig.cmake (found version "1.74.0") found components: filesystem 
[3.249s] -- library: /usr/lib/x86_64-linux-gnu/libcurl.so
[3.430s] -- Found Boost: /usr/lib/x86_64-linux-gnu/cmake/Boost-1.74.0/BoostConfig.cmake (found version "1.74.0") found components: system filesystem date_time program_options thread chrono 
[3.462s] -- Found Boost: /usr/lib/x86_64-linux-gnu/cmake/Boost-1.74.0/BoostConfig.cmake (found version "1.74.0") found components: thread system filesystem regex date_time program_options 
[3.657s] -- Found Boost: /usr/lib/x86_64-linux-gnu/cmake/Boost-1.74.0/BoostConfig.cmake (found version "1.74.0") found components: system filesystem date_time program_options thread 
[3.695s] -- Found yaml_cpp_vendor: 8.0.2 (/opt/ros/humble/share/yaml_cpp_vendor/cmake)
[3.764s] -- Found ament_lint_auto: 0.12.12 (/opt/ros/humble/share/ament_lint_auto/cmake)
[4.124s] -- Added test 'cppcheck' to perform static code analysis on C / C++ code
[4.124s] -- Configured cppcheck include dirs: 
[4.124s] -- Configured cppcheck exclude dirs and/or files: 
[4.154s] -- Added test 'flake8' to check Python code syntax and style conventions
[4.209s] -- Added test 'lint_cmake' to check CMake code style
[4.239s] -- Added test 'pep257' to check Python code against some of the docstring style conventions in PEP 257
[4.455s] -- Added test 'uncrustify' to check C / C++ code style
[4.455s] -- Configured uncrustify additional arguments: 
[4.485s] -- Added test 'xmllint' to check XML markup files
[4.488s] -- Configuring done
[4.554s] -- Generating done
[4.568s] -- Build files have been written to: /home/qpaig/my_ros2_ws/src/build/fr3_generic_drawing
[4.582s] Invoked command in '/home/qpaig/my_ros2_ws/src/build/fr3_generic_drawing' returned '0': CMAKE_PREFIX_PATH=${CMAKE_PREFIX_PATH}:/home/qpaig/my_ros2_ws/install/ground_truth_publisher:/home/qpaig/my_ros2_ws/install/franka_gripper_proxy:/home/qpaig/my_ros2_ws/install/fr3_test:/home/qpaig/my_ros2_ws/install/fr3_pencil_logger:/home/qpaig/isaac_ros-dev/install/isaac_ros_cumotion_examples:/home/qpaig/isaac_ros-dev/install/isaac_ros_cumotion:/home/qpaig/isaac_ros-dev/install/isaac_ros_cumotion_robot_description:/home/qpaig/isaac_ros-dev/install/isaac_ros_cumotion_python_utils:/home/qpaig/isaac_ros-dev/install/curobo_core:/home/qpaig/IsaacSim-ros_workspaces/humble_ws/install/isaac_ros_navigation_goal:/home/qpaig/ws_moveit2/install/moveit_configs_utils:/home/qpaig/ws_moveit2/install/launch_param_builder:/opt/ros/humble /usr/bin/cmake /home/qpaig/my_ros2_ws/src/fr3_generic_drawing -DCMAKE_BUILD_TYPE=Release -DAMENT_CMAKE_SYMLINK_INSTALL=1 -DCMAKE_INSTALL_PREFIX=/home/qpaig/my_ros2_ws/src/install/fr3_generic_drawing
[4.584s] Invoking command in '/home/qpaig/my_ros2_ws/src/build/fr3_generic_drawing': CMAKE_PREFIX_PATH=${CMAKE_PREFIX_PATH}:/home/qpaig/my_ros2_ws/install/ground_truth_publisher:/home/qpaig/my_ros2_ws/install/franka_gripper_proxy:/home/qpaig/my_ros2_ws/install/fr3_test:/home/qpaig/my_ros2_ws/install/fr3_pencil_logger:/home/qpaig/isaac_ros-dev/install/isaac_ros_cumotion_examples:/home/qpaig/isaac_ros-dev/install/isaac_ros_cumotion:/home/qpaig/isaac_ros-dev/install/isaac_ros_cumotion_robot_description:/home/qpaig/isaac_ros-dev/install/isaac_ros_cumotion_python_utils:/home/qpaig/isaac_ros-dev/install/curobo_core:/home/qpaig/IsaacSim-ros_workspaces/humble_ws/install/isaac_ros_navigation_goal:/home/qpaig/ws_moveit2/install/moveit_configs_utils:/home/qpaig/ws_moveit2/install/launch_param_builder:/opt/ros/humble /usr/bin/cmake --build /home/qpaig/my_ros2_ws/src/build/fr3_generic_drawing -- -j88 -l88
[4.670s] [35m[1mConsolidate compiler generated dependencies of target draw_image_vector[0m
[4.670s] [35m[1mConsolidate compiler generated dependencies of target repeat_test[0m
[4.674s] [35m[1mConsolidate compiler generated dependencies of target draw_image[0m
[4.714s] [ 33%] Built target repeat_test
[4.717s] [ 66%] Built target draw_image_vector
[4.718s] [100%] Built target draw_image
[4.737s] Invoked command in '/home/qpaig/my_ros2_ws/src/build/fr3_generic_drawing' returned '0': CMAKE_PREFIX_PATH=${CMAKE_PREFIX_PATH}:/home/qpaig/my_ros2_ws/install/ground_truth_publisher:/home/qpaig/my_ros2_ws/install/franka_gripper_proxy:/home/qpaig/my_ros2_ws/install/fr3_test:/home/qpaig/my_ros2_ws/install/fr3_pencil_logger:/home/qpaig/isaac_ros-dev/install/isaac_ros_cumotion_examples:/home/qpaig/isaac_ros-dev/install/isaac_ros_cumotion:/home/qpaig/isaac_ros-dev/install/isaac_ros_cumotion_robot_description:/home/qpaig/isaac_ros-dev/install/isaac_ros_cumotion_python_utils:/home/qpaig/isaac_ros-dev/install/curobo_core:/home/qpaig/IsaacSim-ros_workspaces/humble_ws/install/isaac_ros_navigation_goal:/home/qpaig/ws_moveit2/install/moveit_configs_utils:/home/qpaig/ws_moveit2/install/launch_param_builder:/opt/ros/humble /usr/bin/cmake --build /home/qpaig/my_ros2_ws/src/build/fr3_generic_drawing -- -j88 -l88
[4.753s] Invoking command in '/home/qpaig/my_ros2_ws/src/build/fr3_generic_drawing': CMAKE_PREFIX_PATH=${CMAKE_PREFIX_PATH}:/home/qpaig/my_ros2_ws/install/ground_truth_publisher:/home/qpaig/my_ros2_ws/install/franka_gripper_proxy:/home/qpaig/my_ros2_ws/install/fr3_test:/home/qpaig/my_ros2_ws/install/fr3_pencil_logger:/home/qpaig/isaac_ros-dev/install/isaac_ros_cumotion_examples:/home/qpaig/isaac_ros-dev/install/isaac_ros_cumotion:/home/qpaig/isaac_ros-dev/install/isaac_ros_cumotion_robot_description:/home/qpaig/isaac_ros-dev/install/isaac_ros_cumotion_python_utils:/home/qpaig/isaac_ros-dev/install/curobo_core:/home/qpaig/IsaacSim-ros_workspaces/humble_ws/install/isaac_ros_navigation_goal:/home/qpaig/ws_moveit2/install/moveit_configs_utils:/home/qpaig/ws_moveit2/install/launch_param_builder:/opt/ros/humble /usr/bin/cmake --install /home/qpaig/my_ros2_ws/src/build/fr3_generic_drawing
[4.768s] -- Install configuration: "Release"
[4.768s] -- Execute custom install script
[4.768s] -- Up-to-date symlink: /home/qpaig/my_ros2_ws/src/install/fr3_generic_drawing/lib/fr3_generic_drawing/draw_image
[4.768s] -- Up-to-date symlink: /home/qpaig/my_ros2_ws/src/install/fr3_generic_drawing/lib/fr3_generic_drawing/draw_image_vector
[4.768s] -- Up-to-date symlink: /home/qpaig/my_ros2_ws/src/install/fr3_generic_drawing/lib/fr3_generic_drawing/repeat_test
[4.769s] -- Up-to-date symlink: /home/qpaig/my_ros2_ws/src/install/fr3_generic_drawing/share/fr3_generic_drawing/launch/data.json
[4.769s] -- Up-to-date symlink: /home/qpaig/my_ros2_ws/src/install/fr3_generic_drawing/share/fr3_generic_drawing/launch/draw_image.launch.py
[4.769s] -- Up-to-date symlink: /home/qpaig/my_ros2_ws/src/install/fr3_generic_drawing/share/fr3_generic_drawing/launch/draw_image_vector.launch.py
[4.769s] -- Up-to-date symlink: /home/qpaig/my_ros2_ws/src/install/fr3_generic_drawing/share/fr3_generic_drawing/launch/test.launch.py
[4.769s] -- Up-to-date symlink: /home/qpaig/my_ros2_ws/src/install/fr3_generic_drawing/share/ament_index/resource_index/package_run_dependencies/fr3_generic_drawing
[4.769s] -- Up-to-date symlink: /home/qpaig/my_ros2_ws/src/install/fr3_generic_drawing/share/ament_index/resource_index/parent_prefix_path/fr3_generic_drawing
[4.770s] -- Up-to-date symlink: /home/qpaig/my_ros2_ws/src/install/fr3_generic_drawing/share/fr3_generic_drawing/environment/ament_prefix_path.sh
[4.770s] -- Up-to-date symlink: /home/qpaig/my_ros2_ws/src/install/fr3_generic_drawing/share/fr3_generic_drawing/environment/ament_prefix_path.dsv
[4.770s] -- Up-to-date symlink: /home/qpaig/my_ros2_ws/src/install/fr3_generic_drawing/share/fr3_generic_drawing/environment/path.sh
[4.770s] -- Up-to-date symlink: /home/qpaig/my_ros2_ws/src/install/fr3_generic_drawing/share/fr3_generic_drawing/environment/path.dsv
[4.770s] -- Up-to-date symlink: /home/qpaig/my_ros2_ws/src/install/fr3_generic_drawing/share/fr3_generic_drawing/local_setup.bash
[4.770s] -- Up-to-date symlink: /home/qpaig/my_ros2_ws/src/install/fr3_generic_drawing/share/fr3_generic_drawing/local_setup.sh
[4.770s] -- Up-to-date symlink: /home/qpaig/my_ros2_ws/src/install/fr3_generic_drawing/share/fr3_generic_drawing/local_setup.zsh
[4.770s] -- Up-to-date symlink: /home/qpaig/my_ros2_ws/src/install/fr3_generic_drawing/share/fr3_generic_drawing/local_setup.dsv
[4.770s] -- Symlinking: /home/qpaig/my_ros2_ws/src/install/fr3_generic_drawing/share/fr3_generic_drawing/package.dsv
[4.785s] -- Up-to-date symlink: /home/qpaig/my_ros2_ws/src/install/fr3_generic_drawing/share/ament_index/resource_index/packages/fr3_generic_drawing
[4.786s] -- Up-to-date symlink: /home/qpaig/my_ros2_ws/src/install/fr3_generic_drawing/share/fr3_generic_drawing/cmake/fr3_generic_drawingConfig.cmake
[4.786s] -- Up-to-date symlink: /home/qpaig/my_ros2_ws/src/install/fr3_generic_drawing/share/fr3_generic_drawing/cmake/fr3_generic_drawingConfig-version.cmake
[4.787s] -- Up-to-date symlink: /home/qpaig/my_ros2_ws/src/install/fr3_generic_drawing/share/fr3_generic_drawing/package.xml
[4.790s] Invoked command in '/home/qpaig/my_ros2_ws/src/build/fr3_generic_drawing' returned '0': CMAKE_PREFIX_PATH=${CMAKE_PREFIX_PATH}:/home/qpaig/my_ros2_ws/install/ground_truth_publisher:/home/qpaig/my_ros2_ws/install/franka_gripper_proxy:/home/qpaig/my_ros2_ws/install/fr3_test:/home/qpaig/my_ros2_ws/install/fr3_pencil_logger:/home/qpaig/isaac_ros-dev/install/isaac_ros_cumotion_examples:/home/qpaig/isaac_ros-dev/install/isaac_ros_cumotion:/home/qpaig/isaac_ros-dev/install/isaac_ros_cumotion_robot_description:/home/qpaig/isaac_ros-dev/install/isaac_ros_cumotion_python_utils:/home/qpaig/isaac_ros-dev/install/curobo_core:/home/qpaig/IsaacSim-ros_workspaces/humble_ws/install/isaac_ros_navigation_goal:/home/qpaig/ws_moveit2/install/moveit_configs_utils:/home/qpaig/ws_moveit2/install/launch_param_builder:/opt/ros/humble /usr/bin/cmake --install /home/qpaig/my_ros2_ws/src/build/fr3_generic_drawing
