[0.032s] Invoking command in '/home/qpaig/my_ros2_ws/src/build/fr3_generic_drawing': CMAKE_PREFIX_PATH=${CMAKE_PREFIX_PATH}:/home/qpaig/my_ros2_ws/install/ground_truth_publisher:/home/qpaig/my_ros2_ws/install/franka_gripper_proxy:/home/qpaig/my_ros2_ws/install/fr3_test:/home/qpaig/my_ros2_ws/install/fr3_pencil_logger:/home/qpaig/isaac_ros-dev/install/isaac_ros_cumotion_examples:/home/qpaig/isaac_ros-dev/install/isaac_ros_cumotion:/home/qpaig/isaac_ros-dev/install/isaac_ros_cumotion_robot_description:/home/qpaig/isaac_ros-dev/install/isaac_ros_cumotion_python_utils:/home/qpaig/isaac_ros-dev/install/curobo_core:/home/qpaig/IsaacSim-ros_workspaces/humble_ws/install/isaac_ros_navigation_goal:/home/qpaig/ws_moveit2/install/moveit_configs_utils:/home/qpaig/ws_moveit2/install/launch_param_builder:/opt/ros/humble /usr/bin/cmake /home/qpaig/my_ros2_ws/src/fr3_generic_drawing -DCMAKE_BUILD_TYPE=Release -DAMENT_CMAKE_SYMLINK_INSTALL=1 -DCMAKE_INSTALL_PREFIX=/home/qpaig/my_ros2_ws/src/install/fr3_generic_drawing
[0.182s] -- The C compiler identification is GNU 11.4.0
[0.294s] -- The CXX compiler identification is GNU 11.4.0
[0.307s] -- Detecting C compiler ABI info
[0.445s] -- Detecting C compiler ABI info - done
[0.454s] -- Check for working C compiler: /usr/bin/cc - skipped
[0.454s] -- Detecting C compile features
[0.455s] -- Detecting C compile features - done
[0.459s] -- Detecting CXX compiler ABI info
[0.627s] -- Detecting CXX compiler ABI info - done
[0.636s] -- Check for working CXX compiler: /usr/bin/c++ - skipped
[0.637s] -- Detecting CXX compile features
[0.637s] -- Detecting CXX compile features - done
[0.654s] -- Found ament_cmake: 1.3.11 (/opt/ros/humble/share/ament_cmake/cmake)
[0.941s] -- Found Python3: /usr/bin/python3 (found version "3.10.12") found components: Interpreter 
[1.044s] -- Override CMake install command with custom implementation using symlinks instead of copying resources
[1.243s] -- Found rclcpp: 16.0.12 (/opt/ros/humble/share/rclcpp/cmake)
[1.432s] -- Found rosidl_generator_c: 3.1.6 (/opt/ros/humble/share/rosidl_generator_c/cmake)
[1.462s] -- Found rosidl_adapter: 3.1.6 (/opt/ros/humble/share/rosidl_adapter/cmake)
[1.493s] -- Found rosidl_generator_cpp: 3.1.6 (/opt/ros/humble/share/rosidl_generator_cpp/cmake)
[1.533s] -- Using all available rosidl_typesupport_c: rosidl_typesupport_fastrtps_c;rosidl_typesupport_introspection_c
[1.592s] -- Using all available rosidl_typesupport_cpp: rosidl_typesupport_fastrtps_cpp;rosidl_typesupport_introspection_cpp
[1.763s] -- Found rmw_implementation_cmake: 6.1.2 (/opt/ros/humble/share/rmw_implementation_cmake/cmake)
[1.784s] -- Found rmw_cyclonedds_cpp: 1.3.4 (/opt/ros/humble/share/rmw_cyclonedds_cpp/cmake)
[1.881s] -- Using RMW implementation 'rmw_cyclonedds_cpp' as default
[1.924s] -- Looking for pthread.h
[2.082s] -- Looking for pthread.h - found
[2.082s] -- Performing Test CMAKE_HAVE_LIBC_PTHREAD
[2.239s] -- Performing Test CMAKE_HAVE_LIBC_PTHREAD - Success
[2.241s] -- Found Threads: TRUE  
[2.372s] -- Found OpenCV: /usr (found version "4.5.4") 
[2.384s] -- Found tf2_geometry_msgs: 0.25.13 (/opt/ros/humble/share/tf2_geometry_msgs/cmake)
[2.474s] -- Found eigen3_cmake_module: 0.1.1 (/opt/ros/humble/share/eigen3_cmake_module/cmake)
[2.476s] -- Found Eigen3: TRUE (found version "3.4.0") 
[2.476s] -- Ensuring Eigen3 include directory is part of orocos-kdl CMake target
[2.754s] -- Found moveit_ros_planning_interface: 2.5.9 (/home/qpaig/ws_moveit2/install/moveit_ros_planning_interface/share/moveit_ros_planning_interface/cmake)
[2.882s] -- Found Boost: /usr/lib/x86_64-linux-gnu/cmake/Boost-1.74.0/BoostConfig.cmake (found version "1.74.0") found components: date_time filesystem program_options system thread 
[3.177s] -- Found Boost: /usr/lib/x86_64-linux-gnu/cmake/Boost-1.74.0/BoostConfig.cmake (found version "1.74.0") found components: chrono date_time filesystem iostreams program_options regex serialization system thread 
[3.336s] -- Found parameter_traits: 0.5.0 (/opt/ros/humble/share/parameter_traits/cmake)
[3.399s] -- Found rclcpp_lifecycle: 16.0.12 (/opt/ros/humble/share/rclcpp_lifecycle/cmake)
[3.463s] -- Found Boost: /usr/lib/x86_64-linux-gnu/cmake/Boost-1.74.0/BoostConfig.cmake (found version "1.74.0") found components: filesystem 
[3.744s] -- library: /usr/lib/x86_64-linux-gnu/libcurl.so
[4.006s] -- Found Boost: /usr/lib/x86_64-linux-gnu/cmake/Boost-1.74.0/BoostConfig.cmake (found version "1.74.0") found components: system filesystem date_time program_options thread chrono 
[4.055s] -- Found Boost: /usr/lib/x86_64-linux-gnu/cmake/Boost-1.74.0/BoostConfig.cmake (found version "1.74.0") found components: thread system filesystem regex date_time program_options 
[4.265s] -- Found Boost: /usr/lib/x86_64-linux-gnu/cmake/Boost-1.74.0/BoostConfig.cmake (found version "1.74.0") found components: system filesystem date_time program_options thread 
[4.323s] -- Found yaml_cpp_vendor: 8.0.2 (/opt/ros/humble/share/yaml_cpp_vendor/cmake)
[4.431s] -- Found ament_lint_auto: 0.12.12 (/opt/ros/humble/share/ament_lint_auto/cmake)
[4.973s] -- Added test 'cppcheck' to perform static code analysis on C / C++ code
[4.973s] -- Configured cppcheck include dirs: 
[4.973s] -- Configured cppcheck exclude dirs and/or files: 
[5.019s] -- Added test 'flake8' to check Python code syntax and style conventions
[5.104s] -- Added test 'lint_cmake' to check CMake code style
[5.148s] -- Added test 'pep257' to check Python code against some of the docstring style conventions in PEP 257
[5.478s] -- Added test 'uncrustify' to check C / C++ code style
[5.478s] -- Configured uncrustify additional arguments: 
[5.524s] -- Added test 'xmllint' to check XML markup files
[5.531s] -- Configuring done
[5.632s] -- Generating done
[5.653s] -- Build files have been written to: /home/qpaig/my_ros2_ws/src/build/fr3_generic_drawing
[5.671s] Invoked command in '/home/qpaig/my_ros2_ws/src/build/fr3_generic_drawing' returned '0': CMAKE_PREFIX_PATH=${CMAKE_PREFIX_PATH}:/home/qpaig/my_ros2_ws/install/ground_truth_publisher:/home/qpaig/my_ros2_ws/install/franka_gripper_proxy:/home/qpaig/my_ros2_ws/install/fr3_test:/home/qpaig/my_ros2_ws/install/fr3_pencil_logger:/home/qpaig/isaac_ros-dev/install/isaac_ros_cumotion_examples:/home/qpaig/isaac_ros-dev/install/isaac_ros_cumotion:/home/qpaig/isaac_ros-dev/install/isaac_ros_cumotion_robot_description:/home/qpaig/isaac_ros-dev/install/isaac_ros_cumotion_python_utils:/home/qpaig/isaac_ros-dev/install/curobo_core:/home/qpaig/IsaacSim-ros_workspaces/humble_ws/install/isaac_ros_navigation_goal:/home/qpaig/ws_moveit2/install/moveit_configs_utils:/home/qpaig/ws_moveit2/install/launch_param_builder:/opt/ros/humble /usr/bin/cmake /home/qpaig/my_ros2_ws/src/fr3_generic_drawing -DCMAKE_BUILD_TYPE=Release -DAMENT_CMAKE_SYMLINK_INSTALL=1 -DCMAKE_INSTALL_PREFIX=/home/qpaig/my_ros2_ws/src/install/fr3_generic_drawing
[5.675s] Invoking command in '/home/qpaig/my_ros2_ws/src/build/fr3_generic_drawing': CMAKE_PREFIX_PATH=${CMAKE_PREFIX_PATH}:/home/qpaig/my_ros2_ws/install/ground_truth_publisher:/home/qpaig/my_ros2_ws/install/franka_gripper_proxy:/home/qpaig/my_ros2_ws/install/fr3_test:/home/qpaig/my_ros2_ws/install/fr3_pencil_logger:/home/qpaig/isaac_ros-dev/install/isaac_ros_cumotion_examples:/home/qpaig/isaac_ros-dev/install/isaac_ros_cumotion:/home/qpaig/isaac_ros-dev/install/isaac_ros_cumotion_robot_description:/home/qpaig/isaac_ros-dev/install/isaac_ros_cumotion_python_utils:/home/qpaig/isaac_ros-dev/install/curobo_core:/home/qpaig/IsaacSim-ros_workspaces/humble_ws/install/isaac_ros_navigation_goal:/home/qpaig/ws_moveit2/install/moveit_configs_utils:/home/qpaig/ws_moveit2/install/launch_param_builder:/opt/ros/humble /usr/bin/cmake --build /home/qpaig/my_ros2_ws/src/build/fr3_generic_drawing -- -j88 -l88
[5.804s] [ 16%] [32mBuilding CXX object CMakeFiles/repeat_test.dir/src/repeat_test.cpp.o[0m
[5.806s] [ 33%] [32mBuilding CXX object CMakeFiles/draw_image.dir/src/draw_image.cpp.o[0m
[5.809s] [ 50%] [32mBuilding CXX object CMakeFiles/draw_image_vector.dir/src/draw_image_vector.cpp.o[0m
[11.082s] [01m[K/home/qpaig/my_ros2_ws/src/fr3_generic_drawing/src/draw_image.cpp:[m[K In lambda function:
[11.082s] [01m[K/home/qpaig/my_ros2_ws/src/fr3_generic_drawing/src/draw_image.cpp:398:21:[m[K [01;35m[Kwarning: [m[Kunused variable ‘[01m[Kret[m[K’ [[01;35m[K]8;;https://gcc.gnu.org/onlinedocs/gcc/Warning-Options.html#index-Wunused-variable-Wunused-variable]8;;[m[K]
[11.082s]   398 |                 int [01;35m[Kret[m[K = std::system("gnome-terminal -e \"ros2 launch franka_fr3_moveit_config moveit.launch.py robot_ip:=172.16.0.2\"");
[11.082s]       |                     [01;35m[K^~~[m[K
[14.332s] [ 66%] [32m[1mLinking CXX executable repeat_test[0m
[14.711s] [ 66%] Built target repeat_test
[15.314s] [ 83%] [32m[1mLinking CXX executable draw_image[0m
[15.327s] [100%] [32m[1mLinking CXX executable draw_image_vector[0m
[15.635s] [100%] Built target draw_image_vector
[15.853s] [100%] Built target draw_image
[15.878s] Invoked command in '/home/qpaig/my_ros2_ws/src/build/fr3_generic_drawing' returned '0': CMAKE_PREFIX_PATH=${CMAKE_PREFIX_PATH}:/home/qpaig/my_ros2_ws/install/ground_truth_publisher:/home/qpaig/my_ros2_ws/install/franka_gripper_proxy:/home/qpaig/my_ros2_ws/install/fr3_test:/home/qpaig/my_ros2_ws/install/fr3_pencil_logger:/home/qpaig/isaac_ros-dev/install/isaac_ros_cumotion_examples:/home/qpaig/isaac_ros-dev/install/isaac_ros_cumotion:/home/qpaig/isaac_ros-dev/install/isaac_ros_cumotion_robot_description:/home/qpaig/isaac_ros-dev/install/isaac_ros_cumotion_python_utils:/home/qpaig/isaac_ros-dev/install/curobo_core:/home/qpaig/IsaacSim-ros_workspaces/humble_ws/install/isaac_ros_navigation_goal:/home/qpaig/ws_moveit2/install/moveit_configs_utils:/home/qpaig/ws_moveit2/install/launch_param_builder:/opt/ros/humble /usr/bin/cmake --build /home/qpaig/my_ros2_ws/src/build/fr3_generic_drawing -- -j88 -l88
[15.898s] Invoking command in '/home/qpaig/my_ros2_ws/src/build/fr3_generic_drawing': CMAKE_PREFIX_PATH=${CMAKE_PREFIX_PATH}:/home/qpaig/my_ros2_ws/install/ground_truth_publisher:/home/qpaig/my_ros2_ws/install/franka_gripper_proxy:/home/qpaig/my_ros2_ws/install/fr3_test:/home/qpaig/my_ros2_ws/install/fr3_pencil_logger:/home/qpaig/isaac_ros-dev/install/isaac_ros_cumotion_examples:/home/qpaig/isaac_ros-dev/install/isaac_ros_cumotion:/home/qpaig/isaac_ros-dev/install/isaac_ros_cumotion_robot_description:/home/qpaig/isaac_ros-dev/install/isaac_ros_cumotion_python_utils:/home/qpaig/isaac_ros-dev/install/curobo_core:/home/qpaig/IsaacSim-ros_workspaces/humble_ws/install/isaac_ros_navigation_goal:/home/qpaig/ws_moveit2/install/moveit_configs_utils:/home/qpaig/ws_moveit2/install/launch_param_builder:/opt/ros/humble /usr/bin/cmake --install /home/qpaig/my_ros2_ws/src/build/fr3_generic_drawing
[15.912s] -- Install configuration: "Release"
[15.912s] -- Execute custom install script
[15.913s] -- Symlinking: /home/qpaig/my_ros2_ws/src/install/fr3_generic_drawing/lib/fr3_generic_drawing/draw_image
[15.932s] -- Symlinking: /home/qpaig/my_ros2_ws/src/install/fr3_generic_drawing/lib/fr3_generic_drawing/draw_image_vector
[15.951s] -- Symlinking: /home/qpaig/my_ros2_ws/src/install/fr3_generic_drawing/lib/fr3_generic_drawing/repeat_test
[15.966s] -- Symlinking: /home/qpaig/my_ros2_ws/src/install/fr3_generic_drawing/share/fr3_generic_drawing/launch/data.json
[15.983s] -- Symlinking: /home/qpaig/my_ros2_ws/src/install/fr3_generic_drawing/share/fr3_generic_drawing/launch/draw_image.launch.py
[16.003s] -- Symlinking: /home/qpaig/my_ros2_ws/src/install/fr3_generic_drawing/share/fr3_generic_drawing/launch/draw_image_vector.launch.py
[16.020s] -- Symlinking: /home/qpaig/my_ros2_ws/src/install/fr3_generic_drawing/share/fr3_generic_drawing/launch/test.launch.py
[16.041s] -- Symlinking: /home/qpaig/my_ros2_ws/src/install/fr3_generic_drawing/share/ament_index/resource_index/package_run_dependencies/fr3_generic_drawing
[16.059s] -- Symlinking: /home/qpaig/my_ros2_ws/src/install/fr3_generic_drawing/share/ament_index/resource_index/parent_prefix_path/fr3_generic_drawing
[16.077s] -- Symlinking: /home/qpaig/my_ros2_ws/src/install/fr3_generic_drawing/share/fr3_generic_drawing/environment/ament_prefix_path.sh
[16.096s] -- Symlinking: /home/qpaig/my_ros2_ws/src/install/fr3_generic_drawing/share/fr3_generic_drawing/environment/ament_prefix_path.dsv
[16.114s] -- Symlinking: /home/qpaig/my_ros2_ws/src/install/fr3_generic_drawing/share/fr3_generic_drawing/environment/path.sh
[16.129s] -- Symlinking: /home/qpaig/my_ros2_ws/src/install/fr3_generic_drawing/share/fr3_generic_drawing/environment/path.dsv
[16.146s] -- Symlinking: /home/qpaig/my_ros2_ws/src/install/fr3_generic_drawing/share/fr3_generic_drawing/local_setup.bash
[16.164s] -- Symlinking: /home/qpaig/my_ros2_ws/src/install/fr3_generic_drawing/share/fr3_generic_drawing/local_setup.sh
[16.181s] -- Symlinking: /home/qpaig/my_ros2_ws/src/install/fr3_generic_drawing/share/fr3_generic_drawing/local_setup.zsh
[16.192s] -- Symlinking: /home/qpaig/my_ros2_ws/src/install/fr3_generic_drawing/share/fr3_generic_drawing/local_setup.dsv
[16.209s] -- Symlinking: /home/qpaig/my_ros2_ws/src/install/fr3_generic_drawing/share/fr3_generic_drawing/package.dsv
[16.221s] -- Symlinking: /home/qpaig/my_ros2_ws/src/install/fr3_generic_drawing/share/ament_index/resource_index/packages/fr3_generic_drawing
[16.241s] -- Symlinking: /home/qpaig/my_ros2_ws/src/install/fr3_generic_drawing/share/fr3_generic_drawing/cmake/fr3_generic_drawingConfig.cmake
[16.261s] -- Symlinking: /home/qpaig/my_ros2_ws/src/install/fr3_generic_drawing/share/fr3_generic_drawing/cmake/fr3_generic_drawingConfig-version.cmake
[16.278s] -- Symlinking: /home/qpaig/my_ros2_ws/src/install/fr3_generic_drawing/share/fr3_generic_drawing/package.xml
[16.297s] Invoked command in '/home/qpaig/my_ros2_ws/src/build/fr3_generic_drawing' returned '0': CMAKE_PREFIX_PATH=${CMAKE_PREFIX_PATH}:/home/qpaig/my_ros2_ws/install/ground_truth_publisher:/home/qpaig/my_ros2_ws/install/franka_gripper_proxy:/home/qpaig/my_ros2_ws/install/fr3_test:/home/qpaig/my_ros2_ws/install/fr3_pencil_logger:/home/qpaig/isaac_ros-dev/install/isaac_ros_cumotion_examples:/home/qpaig/isaac_ros-dev/install/isaac_ros_cumotion:/home/qpaig/isaac_ros-dev/install/isaac_ros_cumotion_robot_description:/home/qpaig/isaac_ros-dev/install/isaac_ros_cumotion_python_utils:/home/qpaig/isaac_ros-dev/install/curobo_core:/home/qpaig/IsaacSim-ros_workspaces/humble_ws/install/isaac_ros_navigation_goal:/home/qpaig/ws_moveit2/install/moveit_configs_utils:/home/qpaig/ws_moveit2/install/launch_param_builder:/opt/ros/humble /usr/bin/cmake --install /home/qpaig/my_ros2_ws/src/build/fr3_generic_drawing
