-- The C compiler identification is GNU 11.4.0
-- The CXX compiler identification is GNU 11.4.0
-- Detecting C compiler ABI info
-- Detecting C compiler ABI info - done
-- Check for working C compiler: /usr/bin/cc - skipped
-- Detecting C compile features
-- Detecting C compile features - done
-- Detecting CXX compiler ABI info
-- Detecting CXX compiler ABI info - done
-- Check for working CXX compiler: /usr/bin/c++ - skipped
-- Detecting CXX compile features
-- Detecting CXX compile features - done
-- Found ament_cmake: 1.3.11 (/opt/ros/humble/share/ament_cmake/cmake)
-- Found Python3: /usr/bin/python3 (found version "3.10.12") found components: Interpreter 
-- Override CMake install command with custom implementation using symlinks instead of copying resources
-- Found rclcpp: 16.0.12 (/opt/ros/humble/share/rclcpp/cmake)
-- Found rosidl_generator_c: 3.1.6 (/opt/ros/humble/share/rosidl_generator_c/cmake)
-- Found rosidl_adapter: 3.1.6 (/opt/ros/humble/share/rosidl_adapter/cmake)
-- Found rosidl_generator_cpp: 3.1.6 (/opt/ros/humble/share/rosidl_generator_cpp/cmake)
-- Using all available rosidl_typesupport_c: rosidl_typesupport_fastrtps_c;rosidl_typesupport_introspection_c
-- Using all available rosidl_typesupport_cpp: rosidl_typesupport_fastrtps_cpp;rosidl_typesupport_introspection_cpp
-- Found rmw_implementation_cmake: 6.1.2 (/opt/ros/humble/share/rmw_implementation_cmake/cmake)
-- Found rmw_cyclonedds_cpp: 1.3.4 (/opt/ros/humble/share/rmw_cyclonedds_cpp/cmake)
-- Using RMW implementation 'rmw_cyclonedds_cpp' as default
-- Looking for pthread.h
-- Looking for pthread.h - found
-- Performing Test CMAKE_HAVE_LIBC_PTHREAD
-- Performing Test CMAKE_HAVE_LIBC_PTHREAD - Success
-- Found Threads: TRUE  
-- Found OpenCV: /usr (found version "4.5.4") 
-- Found tf2_geometry_msgs: 0.25.13 (/opt/ros/humble/share/tf2_geometry_msgs/cmake)
-- Found eigen3_cmake_module: 0.1.1 (/opt/ros/humble/share/eigen3_cmake_module/cmake)
-- Found Eigen3: TRUE (found version "3.4.0") 
-- Ensuring Eigen3 include directory is part of orocos-kdl CMake target
-- Found moveit_ros_planning_interface: 2.5.9 (/home/qpaig/ws_moveit2/install/moveit_ros_planning_interface/share/moveit_ros_planning_interface/cmake)
-- Found Boost: /usr/lib/x86_64-linux-gnu/cmake/Boost-1.74.0/BoostConfig.cmake (found version "1.74.0") found components: date_time filesystem program_options system thread 
-- Found Boost: /usr/lib/x86_64-linux-gnu/cmake/Boost-1.74.0/BoostConfig.cmake (found version "1.74.0") found components: chrono date_time filesystem iostreams program_options regex serialization system thread 
-- Found parameter_traits: 0.5.0 (/opt/ros/humble/share/parameter_traits/cmake)
-- Found rclcpp_lifecycle: 16.0.12 (/opt/ros/humble/share/rclcpp_lifecycle/cmake)
-- Found Boost: /usr/lib/x86_64-linux-gnu/cmake/Boost-1.74.0/BoostConfig.cmake (found version "1.74.0") found components: filesystem 
-- library: /usr/lib/x86_64-linux-gnu/libcurl.so
-- Found Boost: /usr/lib/x86_64-linux-gnu/cmake/Boost-1.74.0/BoostConfig.cmake (found version "1.74.0") found components: system filesystem date_time program_options thread chrono 
-- Found Boost: /usr/lib/x86_64-linux-gnu/cmake/Boost-1.74.0/BoostConfig.cmake (found version "1.74.0") found components: thread system filesystem regex date_time program_options 
-- Found Boost: /usr/lib/x86_64-linux-gnu/cmake/Boost-1.74.0/BoostConfig.cmake (found version "1.74.0") found components: system filesystem date_time program_options thread 
-- Found yaml_cpp_vendor: 8.0.2 (/opt/ros/humble/share/yaml_cpp_vendor/cmake)
-- Found ament_lint_auto: 0.12.12 (/opt/ros/humble/share/ament_lint_auto/cmake)
-- Added test 'cppcheck' to perform static code analysis on C / C++ code
-- Configured cppcheck include dirs: 
-- Configured cppcheck exclude dirs and/or files: 
-- Added test 'flake8' to check Python code syntax and style conventions
-- Added test 'lint_cmake' to check CMake code style
-- Added test 'pep257' to check Python code against some of the docstring style conventions in PEP 257
-- Added test 'uncrustify' to check C / C++ code style
-- Configured uncrustify additional arguments: 
-- Added test 'xmllint' to check XML markup files
-- Configuring done
-- Generating done
-- Build files have been written to: /home/qpaig/my_ros2_ws/src/build/fr3_generic_drawing
[35m[1mConsolidate compiler generated dependencies of target repeat_test[0m
[35m[1mConsolidate compiler generated dependencies of target draw_image[0m
[35m[1mConsolidate compiler generated dependencies of target draw_image_vector[0m
[ 33%] Built target repeat_test
[ 66%] Built target draw_image_vector
[100%] Built target draw_image
-- Install configuration: "Release"
-- Execute custom install script
-- Up-to-date symlink: /home/qpaig/my_ros2_ws/src/install/fr3_generic_drawing/lib/fr3_generic_drawing/draw_image
-- Up-to-date symlink: /home/qpaig/my_ros2_ws/src/install/fr3_generic_drawing/lib/fr3_generic_drawing/draw_image_vector
-- Up-to-date symlink: /home/qpaig/my_ros2_ws/src/install/fr3_generic_drawing/lib/fr3_generic_drawing/repeat_test
-- Up-to-date symlink: /home/qpaig/my_ros2_ws/src/install/fr3_generic_drawing/share/fr3_generic_drawing/launch/data.json
-- Up-to-date symlink: /home/qpaig/my_ros2_ws/src/install/fr3_generic_drawing/share/fr3_generic_drawing/launch/draw_image.launch.py
-- Up-to-date symlink: /home/qpaig/my_ros2_ws/src/install/fr3_generic_drawing/share/fr3_generic_drawing/launch/draw_image_vector.launch.py
-- Up-to-date symlink: /home/qpaig/my_ros2_ws/src/install/fr3_generic_drawing/share/fr3_generic_drawing/launch/test.launch.py
-- Up-to-date symlink: /home/qpaig/my_ros2_ws/src/install/fr3_generic_drawing/share/ament_index/resource_index/package_run_dependencies/fr3_generic_drawing
-- Up-to-date symlink: /home/qpaig/my_ros2_ws/src/install/fr3_generic_drawing/share/ament_index/resource_index/parent_prefix_path/fr3_generic_drawing
-- Up-to-date symlink: /home/qpaig/my_ros2_ws/src/install/fr3_generic_drawing/share/fr3_generic_drawing/environment/ament_prefix_path.sh
-- Up-to-date symlink: /home/qpaig/my_ros2_ws/src/install/fr3_generic_drawing/share/fr3_generic_drawing/environment/ament_prefix_path.dsv
-- Up-to-date symlink: /home/qpaig/my_ros2_ws/src/install/fr3_generic_drawing/share/fr3_generic_drawing/environment/path.sh
-- Up-to-date symlink: /home/qpaig/my_ros2_ws/src/install/fr3_generic_drawing/share/fr3_generic_drawing/environment/path.dsv
-- Up-to-date symlink: /home/qpaig/my_ros2_ws/src/install/fr3_generic_drawing/share/fr3_generic_drawing/local_setup.bash
-- Up-to-date symlink: /home/qpaig/my_ros2_ws/src/install/fr3_generic_drawing/share/fr3_generic_drawing/local_setup.sh
-- Up-to-date symlink: /home/qpaig/my_ros2_ws/src/install/fr3_generic_drawing/share/fr3_generic_drawing/local_setup.zsh
-- Up-to-date symlink: /home/qpaig/my_ros2_ws/src/install/fr3_generic_drawing/share/fr3_generic_drawing/local_setup.dsv
-- Symlinking: /home/qpaig/my_ros2_ws/src/install/fr3_generic_drawing/share/fr3_generic_drawing/package.dsv
-- Up-to-date symlink: /home/qpaig/my_ros2_ws/src/install/fr3_generic_drawing/share/ament_index/resource_index/packages/fr3_generic_drawing
-- Up-to-date symlink: /home/qpaig/my_ros2_ws/src/install/fr3_generic_drawing/share/fr3_generic_drawing/cmake/fr3_generic_drawingConfig.cmake
-- Up-to-date symlink: /home/qpaig/my_ros2_ws/src/install/fr3_generic_drawing/share/fr3_generic_drawing/cmake/fr3_generic_drawingConfig-version.cmake
-- Up-to-date symlink: /home/qpaig/my_ros2_ws/src/install/fr3_generic_drawing/share/fr3_generic_drawing/package.xml
